0 info it worked if it ends with ok
1 verbose cli [ 'C:\\Program Files\\nodejs\\node.exe',
1 verbose cli   'C:\\Program Files\\nodejs\\node_modules\\npm\\bin\\npm-cli.js',
1 verbose cli   'run',
1 verbose cli   'dev' ]
2 info using npm@3.10.8
3 info using node@v6.9.1
4 verbose run-script [ 'predev', 'dev', 'postdev' ]
5 info lifecycle babel-starter-kit@0.0.0~predev: babel-starter-kit@0.0.0
6 silly lifecycle babel-starter-kit@0.0.0~predev: no script for predev, continuing
7 info lifecycle babel-starter-kit@0.0.0~dev: babel-starter-kit@0.0.0
8 verbose lifecycle babel-starter-kit@0.0.0~dev: unsafe-perm in lifecycle true
9 verbose lifecycle babel-starter-kit@0.0.0~dev: PATH: C:\Program Files\nodejs\node_modules\npm\bin\node-gyp-bin;C:\NodeJSExamples\folderNodeJS\2X\node_modules\.bin;C:\ProgramData\Oracle\Java\javapath;C:\Windows\system32;C:\Windows;C:\Windows\System32\Wbem;C:\Windows\System32\WindowsPowerShell\v1.0\;C:\Program Files\Skype\Phone\;C:\Program Files\nodejs\;C:\Program Files\Git\cmd;C:\Program Files\OptiTex 11\App;C:\Users\kruglana\AppData\Roaming\npm
10 verbose lifecycle babel-starter-kit@0.0.0~dev: CWD: C:\NodeJSExamples\folderNodeJS\2X
11 silly lifecycle babel-starter-kit@0.0.0~dev: Args: [ '/d /s /c', 'nodemon --exec babel-node -- src/index.js' ]
12 silly lifecycle babel-starter-kit@0.0.0~dev: Returned: code: 3221225786  signal: null
13 info lifecycle babel-starter-kit@0.0.0~dev: Failed to exec dev script
14 verbose stack Error: babel-starter-kit@0.0.0 dev: `nodemon --exec babel-node -- src/index.js`
14 verbose stack Exit status 3221225786
14 verbose stack     at EventEmitter.<anonymous> (C:\Program Files\nodejs\node_modules\npm\lib\utils\lifecycle.js:255:16)
14 verbose stack     at emitTwo (events.js:106:13)
14 verbose stack     at EventEmitter.emit (events.js:191:7)
14 verbose stack     at ChildProcess.<anonymous> (C:\Program Files\nodejs\node_modules\npm\lib\utils\spawn.js:40:14)
14 verbose stack     at emitTwo (events.js:106:13)
14 verbose stack     at ChildProcess.emit (events.js:191:7)
14 verbose stack     at maybeClose (internal/child_process.js:877:16)
14 verbose stack     at Process.ChildProcess._handle.onexit (internal/child_process.js:226:5)
15 verbose pkgid babel-starter-kit@0.0.0
16 verbose cwd C:\NodeJSExamples\folderNodeJS\2X
17 error Windows_NT 6.1.7601
18 error argv "C:\\Program Files\\nodejs\\node.exe" "C:\\Program Files\\nodejs\\node_modules\\npm\\bin\\npm-cli.js" "run" "dev"
19 error node v6.9.1
20 error npm  v3.10.8
21 error code ELIFECYCLE
22 error babel-starter-kit@0.0.0 dev: `nodemon --exec babel-node -- src/index.js`
22 error Exit status 3221225786
23 error Failed at the babel-starter-kit@0.0.0 dev script 'nodemon --exec babel-node -- src/index.js'.
23 error Make sure you have the latest version of node.js and npm installed.
23 error If you do, this is most likely a problem with the babel-starter-kit package,
23 error not with npm itself.
23 error Tell the author that this fails on your system:
23 error     nodemon --exec babel-node -- src/index.js
23 error You can get information on how to open an issue for this project with:
23 error     npm bugs babel-starter-kit
23 error Or if that isn't available, you can get their info via:
23 error     npm owner ls babel-starter-kit
23 error There is likely additional logging output above.
24 verbose exit [ 1, true ]
